<?xml version="1.0" encoding="UTF-8"?>
<testng-results ignored="0" total="1" passed="1" failed="0" skipped="0">
  <reporter-output>
  </reporter-output>
  <suite started-at="2025-07-10T18:17:50 IST" name="com.SAF.tests.LoginPageTest" finished-at="2025-07-10T18:17:50 IST" duration-ms="60">
    <groups>
    </groups>
    <test started-at="2025-07-10T18:17:50 IST" name="Command line test" finished-at="2025-07-10T18:17:50 IST" duration-ms="60">
      <class name="com.SAF.tests.LoginPageTest">
        <test-method signature="login()[pri:0, instance:com.SAF.tests.LoginPageTest@65d09a04]" started-at="2025-07-10T18:17:50 IST" name="login" finished-at="2025-07-10T18:17:50 IST" duration-ms="11" status="PASS">
          <reporter-output>
          </reporter-output>
        </test-method> <!-- login -->
      </class> <!-- com.SAF.tests.LoginPageTest -->
    </test> <!-- Command line test -->
  </suite> <!-- com.SAF.tests.LoginPageTest -->
</testng-results>
